<?xml version="1.0" encoding="UTF-8"?>
<!-- Generated by org.testng.reporters.JUnitReportReporter -->
<testsuite skipped="0" hostname="DESKTOP-DAPEO3T" name="com.basictest.BasicTest" tests="1" failures="0" timestamp="30 Aug 2018 10:45:15 GMT" time="0.570" errors="0">
  <testcase name="verifysum" time="0.570" classname="com.basictest.BasicTest"/>
</testsuite> <!-- com.basictest.BasicTest -->
