<?xml version="1.0" encoding="UTF-8"?>
<!-- Generated by org.testng.reporters.JUnitReportReporter -->
<testsuite skipped="0" hostname="DESKTOP-DAPEO3T" name="com.basictest.BasicTest" tests="1" failures="0" timestamp="30 Aug 2018 14:26:31 GMT" time="0.947" errors="0">
  <testcase name="verifysum" time="0.947" classname="com.basictest.BasicTest"/>
</testsuite> <!-- com.basictest.BasicTest -->
